<?xml version="1.0" encoding="UTF-8"?>
<testsuite name="com.example.session15bai2.Session15bai2ApplicationTests" tests="1" skipped="0" failures="0" errors="0" timestamp="2026-06-01T08:00:57.808Z" hostname="LAPTOP-64TSQMG3" time="0.331">
  <properties/>
  <testcase name="contextLoads()" classname="com.example.session15bai2.Session15bai2ApplicationTests" time="0.002"/>
  <system-out><![CDATA[2026-06-01T15:00:57.809+07:00  INFO 18048 --- [session15bai2] [    Test worker] t.c.s.AnnotationConfigContextLoaderUtils : Could not detect default configuration classes for test class [com.example.session15bai2.Session15bai2ApplicationTests]: Session15bai2ApplicationTests does not declare any static, non-private, non-final, nested classes annotated with @Configuration.
2026-06-01T15:00:57.810+07:00  INFO 18048 --- [session15bai2] [    Test worker] .b.t.c.SpringBootTestContextBootstrapper : Found @SpringBootConfiguration com.example.session15bai2.Session15bai2Application for test class com.example.session15bai2.Session15bai2ApplicationTests
2026-06-01T15:00:57.811+07:00  INFO 18048 --- [session15bai2] [    Test worker] t.c.s.AnnotationConfigContextLoaderUtils : Could not detect default configuration classes for test class [com.example.session15bai2.Session15bai2ApplicationTests]: Session15bai2ApplicationTests does not declare any static, non-private, non-final, nested classes annotated with @Configuration.
2026-06-01T15:00:57.812+07:00  INFO 18048 --- [session15bai2] [    Test worker] .b.t.c.SpringBootTestContextBootstrapper : Found @SpringBootConfiguration com.example.session15bai2.Session15bai2Application for test class com.example.session15bai2.Session15bai2ApplicationTests

  .   ____          _            __ _ _
 /\\ / ___'_ __ _ _(_)_ __  __ _ \ \ \ \
( ( )\___ | '_ | '_| | '_ \/ _` | \ \ \ \
 \\/  ___)| |_)| | | | | || (_| |  ) ) ) )
  '  |____| .__|_| |_|_| |_\__, | / / / /
 =========|_|==============|___/=/_/_/_/

 :: Spring Boot ::                (v4.0.6)

2026-06-01T15:00:57.835+07:00  INFO 18048 --- [session15bai2] [    Test worker] c.e.s.Session15bai2ApplicationTests      : Starting Session15bai2ApplicationTests using Java 17.0.18 with PID 18048 (started by Quyet in E:\JavaWebService\session15bai2)
2026-06-01T15:00:57.835+07:00  INFO 18048 --- [session15bai2] [    Test worker] c.e.s.Session15bai2ApplicationTests      : No active profile set, falling back to 1 default profile: "default"
2026-06-01T15:00:57.924+07:00  INFO 18048 --- [session15bai2] [    Test worker] .s.d.r.c.RepositoryConfigurationDelegate : Bootstrapping Spring Data JPA repositories in DEFAULT mode.
2026-06-01T15:00:57.927+07:00  INFO 18048 --- [session15bai2] [    Test worker] .s.d.r.c.RepositoryConfigurationDelegate : Finished Spring Data repository scanning in 1 ms. Found 0 JPA repository interfaces.
2026-06-01T15:00:57.989+07:00  INFO 18048 --- [session15bai2] [    Test worker] org.hibernate.orm.jpa                    : HHH008540: Processing PersistenceUnitInfo [name: default]
2026-06-01T15:00:58.005+07:00  INFO 18048 --- [session15bai2] [    Test worker] o.s.o.j.p.SpringPersistenceUnitInfo      : No LoadTimeWeaver setup: ignoring JPA class transformer
2026-06-01T15:00:58.007+07:00  INFO 18048 --- [session15bai2] [    Test worker] com.zaxxer.hikari.HikariDataSource       : HikariPool-2 - Starting...
2026-06-01T15:00:58.007+07:00  INFO 18048 --- [session15bai2] [    Test worker] com.zaxxer.hikari.pool.HikariPool        : HikariPool-2 - Added connection conn10: url=jdbc:h2:mem:session15bai2 user=SA
2026-06-01T15:00:58.008+07:00  INFO 18048 --- [session15bai2] [    Test worker] com.zaxxer.hikari.HikariDataSource       : HikariPool-2 - Start completed.
2026-06-01T15:00:58.009+07:00  INFO 18048 --- [session15bai2] [    Test worker] org.hibernate.orm.connections.pooling    : HHH10001005: Database info:
	Database JDBC URL [jdbc:h2:mem:session15bai2]
	Database driver: H2 JDBC Driver
	Database dialect: H2Dialect
	Database version: 2.4.240
	Default catalog/schema: SESSION15BAI2/PUBLIC
	Autocommit mode: undefined/unknown
	Isolation level: READ_COMMITTED [default READ_COMMITTED]
	JDBC fetch size: 100
	Pool: DataSourceConnectionProvider
	Minimum pool size: undefined/unknown
	Maximum pool size: undefined/unknown
2026-06-01T15:00:58.024+07:00  INFO 18048 --- [session15bai2] [    Test worker] org.hibernate.orm.core                   : HHH000489: No JTA platform available (set 'hibernate.transaction.jta.platform' to enable JTA platform integration)
2026-06-01T15:00:58.024+07:00  INFO 18048 --- [session15bai2] [    Test worker] j.LocalContainerEntityManagerFactoryBean : Initialized JPA EntityManagerFactory for persistence unit 'default'
2026-06-01T15:00:58.050+07:00  WARN 18048 --- [session15bai2] [    Test worker] .s.a.UserDetailsServiceAutoConfiguration : 

Using generated security password: 83724c81-bc87-4744-a01a-fea61ee974a3

This generated password is for development use only. Your security configuration must be updated before running your application in production.

2026-06-01T15:00:58.052+07:00  INFO 18048 --- [session15bai2] [    Test worker] r$InitializeUserDetailsManagerConfigurer : Global AuthenticationManager configured with UserDetailsService bean with name inMemoryUserDetailsManager
2026-06-01T15:00:58.136+07:00  INFO 18048 --- [session15bai2] [    Test worker] c.e.s.Session15bai2ApplicationTests      : Started Session15bai2ApplicationTests in 0.32 seconds (process running for 5.771)
]]></system-out>
  <system-err><![CDATA[]]></system-err>
</testsuite>
