<?xml version="1.0" encoding="UTF-8"?>
<testsuite name="com.example.session15bai2.SecurityConfigTests" tests="5" skipped="0" failures="0" errors="0" timestamp="2026-06-01T08:00:53.516Z" hostname="LAPTOP-64TSQMG3" time="4.289">
  <properties/>
  <testcase name="authenticatedApiRequestPassesSecurityLayer()" classname="com.example.session15bai2.SecurityConfigTests" time="0.499"/>
  <testcase name="apiEndpointRequiresAuthentication()" classname="com.example.session15bai2.SecurityConfigTests" time="0.006"/>
  <testcase name="registerEndpointIsPublic()" classname="com.example.session15bai2.SecurityConfigTests" time="0.003"/>
  <testcase name="apiPostWithoutCsrfTokenIsNotRejectedByCsrf()" classname="com.example.session15bai2.SecurityConfigTests" time="0.003"/>
  <testcase name="loginEndpointIsPublic()" classname="com.example.session15bai2.SecurityConfigTests" time="0.004"/>
  <system-out><![CDATA[15:00:53.677 [Test worker] INFO org.springframework.test.context.support.AnnotationConfigContextLoaderUtils -- Could not detect default configuration classes for test class [com.example.session15bai2.SecurityConfigTests]: SecurityConfigTests does not declare any static, non-private, non-final, nested classes annotated with @Configuration.
15:00:53.774 [Test worker] INFO org.springframework.boot.test.context.SpringBootTestContextBootstrapper -- Found @SpringBootConfiguration com.example.session15bai2.Session15bai2Application for test class com.example.session15bai2.SecurityConfigTests
15:00:53.855 [Test worker] INFO org.springframework.test.context.support.AnnotationConfigContextLoaderUtils -- Could not detect default configuration classes for test class [com.example.session15bai2.SecurityConfigTests]: SecurityConfigTests does not declare any static, non-private, non-final, nested classes annotated with @Configuration.
15:00:53.859 [Test worker] INFO org.springframework.boot.test.context.SpringBootTestContextBootstrapper -- Found @SpringBootConfiguration com.example.session15bai2.Session15bai2Application for test class com.example.session15bai2.SecurityConfigTests

  .   ____          _            __ _ _
 /\\ / ___'_ __ _ _(_)_ __  __ _ \ \ \ \
( ( )\___ | '_ | '_| | '_ \/ _` | \ \ \ \
 \\/  ___)| |_)| | | | | || (_| |  ) ) ) )
  '  |____| .__|_| |_|_| |_\__, | / / / /
 =========|_|==============|___/=/_/_/_/

 :: Spring Boot ::                (v4.0.6)

2026-06-01T15:00:54.206+07:00  INFO 18048 --- [session15bai2] [    Test worker] c.e.session15bai2.SecurityConfigTests    : Starting SecurityConfigTests using Java 17.0.18 with PID 18048 (started by Quyet in E:\JavaWebService\session15bai2)
2026-06-01T15:00:54.208+07:00  INFO 18048 --- [session15bai2] [    Test worker] c.e.session15bai2.SecurityConfigTests    : No active profile set, falling back to 1 default profile: "default"
2026-06-01T15:00:54.809+07:00  INFO 18048 --- [session15bai2] [    Test worker] .s.d.r.c.RepositoryConfigurationDelegate : Bootstrapping Spring Data JPA repositories in DEFAULT mode.
2026-06-01T15:00:54.829+07:00  INFO 18048 --- [session15bai2] [    Test worker] .s.d.r.c.RepositoryConfigurationDelegate : Finished Spring Data repository scanning in 12 ms. Found 0 JPA repository interfaces.
2026-06-01T15:00:55.301+07:00  INFO 18048 --- [session15bai2] [    Test worker] org.hibernate.orm.jpa                    : HHH008540: Processing PersistenceUnitInfo [name: default]
2026-06-01T15:00:55.371+07:00  INFO 18048 --- [session15bai2] [    Test worker] org.hibernate.orm.core                   : HHH000001: Hibernate ORM core version 7.2.12.Final
2026-06-01T15:00:55.941+07:00  INFO 18048 --- [session15bai2] [    Test worker] o.s.o.j.p.SpringPersistenceUnitInfo      : No LoadTimeWeaver setup: ignoring JPA class transformer
2026-06-01T15:00:55.972+07:00  INFO 18048 --- [session15bai2] [    Test worker] com.zaxxer.hikari.HikariDataSource       : HikariPool-1 - Starting...
2026-06-01T15:00:56.121+07:00  INFO 18048 --- [session15bai2] [    Test worker] com.zaxxer.hikari.pool.HikariPool        : HikariPool-1 - Added connection conn0: url=jdbc:h2:mem:session15bai2 user=SA
2026-06-01T15:00:56.123+07:00  INFO 18048 --- [session15bai2] [    Test worker] com.zaxxer.hikari.HikariDataSource       : HikariPool-1 - Start completed.
2026-06-01T15:00:56.170+07:00  INFO 18048 --- [session15bai2] [    Test worker] org.hibernate.orm.connections.pooling    : HHH10001005: Database info:
	Database JDBC URL [jdbc:h2:mem:session15bai2]
	Database driver: H2 JDBC Driver
	Database dialect: H2Dialect
	Database version: 2.4.240
	Default catalog/schema: SESSION15BAI2/PUBLIC
	Autocommit mode: undefined/unknown
	Isolation level: READ_COMMITTED [default READ_COMMITTED]
	JDBC fetch size: 100
	Pool: DataSourceConnectionProvider
	Minimum pool size: undefined/unknown
	Maximum pool size: undefined/unknown
2026-06-01T15:00:56.506+07:00  INFO 18048 --- [session15bai2] [    Test worker] org.hibernate.orm.core                   : HHH000489: No JTA platform available (set 'hibernate.transaction.jta.platform' to enable JTA platform integration)
2026-06-01T15:00:56.513+07:00  INFO 18048 --- [session15bai2] [    Test worker] j.LocalContainerEntityManagerFactoryBean : Initialized JPA EntityManagerFactory for persistence unit 'default'
2026-06-01T15:00:56.710+07:00  WARN 18048 --- [session15bai2] [    Test worker] .s.a.UserDetailsServiceAutoConfiguration : 

Using generated security password: 2fabcc20-24f9-4c6d-a53c-2a3e081a3608

This generated password is for development use only. Your security configuration must be updated before running your application in production.

2026-06-01T15:00:56.722+07:00  INFO 18048 --- [session15bai2] [    Test worker] r$InitializeUserDetailsManagerConfigurer : Global AuthenticationManager configured with UserDetailsService bean with name inMemoryUserDetailsManager
2026-06-01T15:00:57.160+07:00  INFO 18048 --- [session15bai2] [    Test worker] o.s.b.t.m.w.SpringBootMockServletContext : Initializing Spring TestDispatcherServlet ''
2026-06-01T15:00:57.160+07:00  INFO 18048 --- [session15bai2] [    Test worker] o.s.t.web.servlet.TestDispatcherServlet  : Initializing Servlet ''
2026-06-01T15:00:57.164+07:00  INFO 18048 --- [session15bai2] [    Test worker] o.s.t.web.servlet.TestDispatcherServlet  : Completed initialization in 4 ms
2026-06-01T15:00:57.271+07:00  INFO 18048 --- [session15bai2] [    Test worker] c.e.session15bai2.SecurityConfigTests    : Started SecurityConfigTests in 3.341 seconds (process running for 4.907)
]]></system-out>
  <system-err><![CDATA[]]></system-err>
</testsuite>
